2025-04-04 10:33:25.919139 - Received CBT.V508.FILE489.PDS from FILE489.XMI 
2025-04-04 10:33:25.922106 - Found $$$#DATE.txt (text/plain) in CBT.V508.FILE489.PDS, moved to PDS/$$$#DATE
2025-04-04 10:33:25.922286 - Found $DOC.txt (text/plain) in CBT.V508.FILE489.PDS, moved to PDS/$DOC
2025-04-04 10:33:25.922433 - Found $INDEX.txt (text/plain) in CBT.V508.FILE489.PDS, moved to PDS/$INDEX
2025-04-04 10:33:25.922569 - Found $INDEX2.txt (text/plain) in CBT.V508.FILE489.PDS, moved to PDS/$INDEX2
2025-04-04 10:33:25.922693 - Found @FILE489.txt (text/plain) in CBT.V508.FILE489.PDS, moved to PDS/@FILE489
2025-04-04 10:33:25.922823 - Found JCI0057B.txt (text/plain) in CBT.V508.FILE489.PDS, moved to PDS/JCI0057B
2025-04-04 10:33:25.923031 - Found JCI57B.txt (text/plain) in CBT.V508.FILE489.PDS, moved to PDS/JCI57B
2025-04-04 10:33:25.923163 - Found MIS0480B.txt (text/plain) in CBT.V508.FILE489.PDS, moved to PDS/MIS0480B
2025-04-04 10:33:25.923290 - Found MIS0485B.txt (text/plain) in CBT.V508.FILE489.PDS, moved to PDS/MIS0485B
2025-04-04 10:33:25.923431 - Found MIS0490B.txt (text/plain) in CBT.V508.FILE489.PDS, moved to PDS/MIS0490B
2025-04-04 10:33:25.923564 - Found MIS0515B.txt (text/plain) in CBT.V508.FILE489.PDS, moved to PDS/MIS0515B
2025-04-04 10:33:25.923716 - Found MIS0580B.txt (text/plain) in CBT.V508.FILE489.PDS, moved to PDS/MIS0580B
2025-04-04 10:33:25.923865 - Found PAP19A6$.txt (text/plain) in CBT.V508.FILE489.PDS, moved to PDS/PAP19A6$
2025-04-04 10:33:25.924042 - Found PXADHOCZ.jcl (text/plain) in CBT.V508.FILE489.PDS, moved to PDS/PXADHOCZ
2025-04-04 10:33:25.924195 - Found SMSAC.txt (text/plain) in CBT.V508.FILE489.PDS, moved to PDS/SMSAC
2025-04-04 10:33:25.924323 - Found SMSACA.txt (text/plain) in CBT.V508.FILE489.PDS, moved to PDS/SMSACA
2025-04-04 10:33:25.924465 - Found SMSAC010.txt (text/plain) in CBT.V508.FILE489.PDS, moved to PDS/SMSAC010
2025-04-04 10:33:25.924582 - Found SMSAJ.txt (text/plain) in CBT.V508.FILE489.PDS, moved to PDS/SMSAJ
2025-04-04 10:33:25.924735 - Found SMSAJ030.txt (text/plain) in CBT.V508.FILE489.PDS, moved to PDS/SMSAJ030
2025-04-04 10:33:25.924895 - Found SMSAJ050.txt (text/plain) in CBT.V508.FILE489.PDS, moved to PDS/SMSAJ050
2025-04-04 10:33:25.925038 - Found SMSAJ052.txt (text/plain) in CBT.V508.FILE489.PDS, moved to PDS/SMSAJ052
2025-04-04 10:33:25.925162 - Found SMSAJ054.txt (text/plain) in CBT.V508.FILE489.PDS, moved to PDS/SMSAJ054
2025-04-04 10:33:25.925311 - Found SMSAJ056.txt (text/plain) in CBT.V508.FILE489.PDS, moved to PDS/SMSAJ056
2025-04-04 10:33:25.925450 - Found SMSAK.txt (text/plain) in CBT.V508.FILE489.PDS, moved to PDS/SMSAK
2025-04-04 10:33:25.925573 - Found SMSAK020.txt (text/plain) in CBT.V508.FILE489.PDS, moved to PDS/SMSAK020
2025-04-04 10:33:25.925701 - Found SMSAK040.txt (text/plain) in CBT.V508.FILE489.PDS, moved to PDS/SMSAK040
2025-04-04 10:33:25.925835 - Found SMSAK050.txt (text/plain) in CBT.V508.FILE489.PDS, moved to PDS/SMSAK050
2025-04-04 10:33:25.925960 - Found SMSAK052.txt (text/plain) in CBT.V508.FILE489.PDS, moved to PDS/SMSAK052
2025-04-04 10:33:25.926084 - Found SMSAK054.txt (text/plain) in CBT.V508.FILE489.PDS, moved to PDS/SMSAK054
2025-04-04 10:33:25.926212 - Found SMSAK056.txt (text/plain) in CBT.V508.FILE489.PDS, moved to PDS/SMSAK056
2025-04-04 10:33:25.926344 - Found SMSARDLY.txt (text/plain) in CBT.V508.FILE489.PDS, moved to PDS/SMSARDLY
2025-04-04 10:33:25.926465 - Found SMSARSPL.txt (text/plain) in CBT.V508.FILE489.PDS, moved to PDS/SMSARSPL
2025-04-04 10:33:25.926592 - Found SMSBDSPL.txt (text/plain) in CBT.V508.FILE489.PDS, moved to PDS/SMSBDSPL
2025-04-04 10:33:25.926737 - Found SMSBFIL.jcl (text/plain) in CBT.V508.FILE489.PDS, moved to PDS/SMSBFIL
2025-04-04 10:33:25.926873 - Found SMSBKUP.bin (application/octet-stream) in CBT.V508.FILE489.PDS, moved to PDS/SMSBKUP
2025-04-04 10:33:25.926997 - Found SMSCCCL.txt (text/plain) in CBT.V508.FILE489.PDS, moved to PDS/SMSCCCL
2025-04-04 10:33:25.927120 - Found SMSCHNG.jcl (text/plain) in CBT.V508.FILE489.PDS, moved to PDS/SMSCHNG
2025-04-04 10:33:25.927252 - Found SMSCHN1.txt (text/plain) in CBT.V508.FILE489.PDS, moved to PDS/SMSCHN1
2025-04-04 10:33:25.927384 - Found SMSCHN2.txt (text/plain) in CBT.V508.FILE489.PDS, moved to PDS/SMSCHN2
2025-04-04 10:33:25.927509 - Found SMSCICS.jcl (text/plain) in CBT.V508.FILE489.PDS, moved to PDS/SMSCICS
2025-04-04 10:33:25.927628 - Found SMSCMP01.txt (text/plain) in CBT.V508.FILE489.PDS, moved to PDS/SMSCMP01
2025-04-04 10:33:25.927755 - Found SMSCMP02.txt (text/plain) in CBT.V508.FILE489.PDS, moved to PDS/SMSCMP02
2025-04-04 10:33:25.927891 - Found SMSCNG01.txt (text/plain) in CBT.V508.FILE489.PDS, moved to PDS/SMSCNG01
2025-04-04 10:33:25.928015 - Found SMSCNG02.txt (text/plain) in CBT.V508.FILE489.PDS, moved to PDS/SMSCNG02
2025-04-04 10:33:25.928134 - Found SMSCNG03.txt (text/plain) in CBT.V508.FILE489.PDS, moved to PDS/SMSCNG03
2025-04-04 10:33:25.928258 - Found SMSCNG04.txt (text/plain) in CBT.V508.FILE489.PDS, moved to PDS/SMSCNG04
2025-04-04 10:33:25.928377 - Found SMSCNG05.txt (text/plain) in CBT.V508.FILE489.PDS, moved to PDS/SMSCNG05
2025-04-04 10:33:25.928503 - Found SMSCNG06.txt (text/plain) in CBT.V508.FILE489.PDS, moved to PDS/SMSCNG06
2025-04-04 10:33:25.928640 - Found SMSCNG07.txt (text/plain) in CBT.V508.FILE489.PDS, moved to PDS/SMSCNG07
2025-04-04 10:33:25.928767 - Found SMSCNG08.txt (text/plain) in CBT.V508.FILE489.PDS, moved to PDS/SMSCNG08
2025-04-04 10:33:25.928898 - Found SMSCOMP.jcl (text/plain) in CBT.V508.FILE489.PDS, moved to PDS/SMSCOMP
2025-04-04 10:33:25.929022 - Found SMSCOPY.bin (application/octet-stream) in CBT.V508.FILE489.PDS, moved to PDS/SMSCOPY
2025-04-04 10:33:25.929153 - Found SMSC4MXU.txt (text/plain) in CBT.V508.FILE489.PDS, moved to PDS/SMSC4MXU
2025-04-04 10:33:25.929279 - Found SMSDOC.txt (text/plain) in CBT.V508.FILE489.PDS, moved to PDS/SMSDOC
2025-04-04 10:33:25.929397 - Found SMSHMDLY.txt (text/plain) in CBT.V508.FILE489.PDS, moved to PDS/SMSHMDLY
2025-04-04 10:33:25.929518 - Found SMSHMSPL.txt (text/plain) in CBT.V508.FILE489.PDS, moved to PDS/SMSHMSPL
2025-04-04 10:33:25.929647 - Found SMSIPFSP.txt (text/plain) in CBT.V508.FILE489.PDS, moved to PDS/SMSIPFSP
2025-04-04 10:33:25.929771 - Found SMSJES1.jcl (text/plain) in CBT.V508.FILE489.PDS, moved to PDS/SMSJES1
2025-04-04 10:33:25.929887 - Found SMSJES2.jcl (text/plain) in CBT.V508.FILE489.PDS, moved to PDS/SMSJES2
2025-04-04 10:33:25.930024 - Found SMSJOBS.jcl (text/plain) in CBT.V508.FILE489.PDS, moved to PDS/SMSJOBS
2025-04-04 10:33:25.930138 - Found SMSLOAD.jcl (text/plain) in CBT.V508.FILE489.PDS, moved to PDS/SMSLOAD
2025-04-04 10:33:25.930262 - Found SMSMAIL.bin (application/octet-stream) in CBT.V508.FILE489.PDS, moved to PDS/SMSMAIL
2025-04-04 10:33:25.930380 - Found SMSMEM.txt (text/plain) in CBT.V508.FILE489.PDS, moved to PDS/SMSMEM
2025-04-04 10:33:25.930494 - Found SMSMIVBK.txt (text/plain) in CBT.V508.FILE489.PDS, moved to PDS/SMSMIVBK
2025-04-04 10:33:25.930619 - Found SMSNOTE.txt (text/plain) in CBT.V508.FILE489.PDS, moved to PDS/SMSNOTE
2025-04-04 10:33:25.930760 - Found SMSOPSPL.txt (text/plain) in CBT.V508.FILE489.PDS, moved to PDS/SMSOPSPL
2025-04-04 10:33:25.930883 - Found SMSOPTRN.txt (text/plain) in CBT.V508.FILE489.PDS, moved to PDS/SMSOPTRN
2025-04-04 10:33:25.931006 - Found SMSPAEZO.txt (text/plain) in CBT.V508.FILE489.PDS, moved to PDS/SMSPAEZO
2025-04-04 10:33:25.931127 - Found SMSPAEZ0.txt (text/plain) in CBT.V508.FILE489.PDS, moved to PDS/SMSPAEZ0
2025-04-04 10:33:25.931255 - Found SMSPAP01.txt (text/plain) in CBT.V508.FILE489.PDS, moved to PDS/SMSPAP01
2025-04-04 10:33:25.931368 - Found SMSPAP02.txt (text/plain) in CBT.V508.FILE489.PDS, moved to PDS/SMSPAP02
2025-04-04 10:33:25.931480 - Found SMSPAP05.txt (text/plain) in CBT.V508.FILE489.PDS, moved to PDS/SMSPAP05
2025-04-04 10:33:25.931594 - Found SMSPAP08.txt (text/plain) in CBT.V508.FILE489.PDS, moved to PDS/SMSPAP08
2025-04-04 10:33:25.931705 - Found SMSPAP10.txt (text/plain) in CBT.V508.FILE489.PDS, moved to PDS/SMSPAP10
2025-04-04 10:33:25.931826 - Found SMSPAP13.txt (text/plain) in CBT.V508.FILE489.PDS, moved to PDS/SMSPAP13
2025-04-04 10:33:25.931949 - Found SMSPAP18.txt (text/plain) in CBT.V508.FILE489.PDS, moved to PDS/SMSPAP18
2025-04-04 10:33:25.932076 - Found SMSPAP24.txt (text/plain) in CBT.V508.FILE489.PDS, moved to PDS/SMSPAP24
2025-04-04 10:33:25.932191 - Found SMSPAP33.txt (text/plain) in CBT.V508.FILE489.PDS, moved to PDS/SMSPAP33
2025-04-04 10:33:25.932303 - Found SMSPCPR2.txt (text/plain) in CBT.V508.FILE489.PDS, moved to PDS/SMSPCPR2
2025-04-04 10:33:25.932436 - Found SMSPRNT.jcl (text/plain) in CBT.V508.FILE489.PDS, moved to PDS/SMSPRNT
2025-04-04 10:33:25.932552 - Found SMSPROVL.txt (text/plain) in CBT.V508.FILE489.PDS, moved to PDS/SMSPROVL
2025-04-04 10:33:25.932666 - Found SMSPULP.txt (text/plain) in CBT.V508.FILE489.PDS, moved to PDS/SMSPULP
2025-04-04 10:33:25.932783 - Found SMSPULT.txt (text/plain) in CBT.V508.FILE489.PDS, moved to PDS/SMSPULT
2025-04-04 10:33:25.932907 - Found SMSPUL05.txt (text/plain) in CBT.V508.FILE489.PDS, moved to PDS/SMSPUL05
2025-04-04 10:33:25.933030 - Found SMSPUL06.txt (text/plain) in CBT.V508.FILE489.PDS, moved to PDS/SMSPUL06
2025-04-04 10:33:25.933142 - Found SMSPUL99.txt (text/plain) in CBT.V508.FILE489.PDS, moved to PDS/SMSPUL99
2025-04-04 10:33:25.933258 - Found SMSREF.jcl (text/plain) in CBT.V508.FILE489.PDS, moved to PDS/SMSREF
2025-04-04 10:33:25.933568 - Found SMSREQ.jcl (text/plain) in CBT.V508.FILE489.PDS, moved to PDS/SMSREQ
2025-04-04 10:33:25.933705 - Found SMSSUT.txt (text/plain) in CBT.V508.FILE489.PDS, moved to PDS/SMSSUT
